

[29/10/21 15:57:46 - CONSOLE]  
{"name":"getUnreadMessages","result":"{\"result\":[{\"id\":\"5517991284042@c.us\",\"pendingMsgs\":false,\"lastReceivedKey\":{\"fromMe\":true,\"remote\":\"5517991284042@c.us\",\"id\":\"81047B5765B780AAF69B55DF807470EC\",\"_serialized\":\"true_5517991284042@c.us_81047B5765B780AAF69B55DF807470EC\"},\"t\":1635533863,\"unreadCount\":0,\"archive\":false,\"isReadOnly\":false,\"muteExpiration\":0,\"notSpam\":true,\"pin\":0,\"ephemeralDuration\":0,\"ephemeralSettingTimestamp\":0,\"hasUnreadMention\":false,\"archiveAtMentionViewedInDrawer\":false,\"hasChatBeenOpened\":false,\"msgs\":null,\"kind\":\"chat\",\"isGroup\":false,\"formattedTitle\":\"+55 17 99128-4042\",\"contact\":{\"id\":\"5517991284042@c.us\",\"type\":\"in\",\"verifiedName\":\"Marcela Botelho\",\"isBusiness\":true,\"isEnterprise\":false,\"verifiedLevel\":0,\"statusMute\":false,\"labels\":[],\"disappearingModeDuration\":0,\"disappearingModeSettingTimestamp\":0,\"formattedName\":\"+55 17 99128-4042\",\"isMe\":false,\"isMyContact\":false,\"isPSA\":false,\"isUser\":true,\"isWAContact\":true,\"profilePicThumb\":\"https://web.whatsapp.com/pp?e=https%3A%2F%2Fpps.whatsapp.net%2Fv%2Ft61.24694-24%2F205342511_542283826837303_7208940247780318673_n.jpg%3Fccb%3D11-4%26oh%3D46274e3cf34c40de9f598b0917968e44%26oe%3D61805D04&t=l&u=5517991284042%40c.us&i=1633813520&n=s%2FvVG637Y9QrS53fazk6CWr5KNEgVs0%2BxtIYNpXP%2FHA%3D\",\"msgs\":null},\"groupMetadata\":null,\"presence\":{\"id\":\"5517991284042@c.us\",\"chatstates\":[]},\"messages\":[{\"id\":\"true_5517991284042@c.us_81047B5765B780AAF69B55DF807470EC\",\"body\":\"*Resposta automatica* \\nOla, no momento estamos todos ocupados!\\n\\nAssim que possivel responderemos a todos o mais rapido possivel!\\n\\nPara maior agilidade ligue 3331-9700 ou envie uma mensagem de whatsapp para o numero 99191-9712.\\n\\nAgradecemos a compreensao!\",\"type\":\"chat\",\"t\":1635533863,\"notifyName\":\"\",\"from\":\"5517999772966@c.us\",\"to\":\"5517991284042@c.us\",\"self\":\"in\",\"ack\":1,\"invis\":false,\"isNewMsg\":false,\"star\":false,\"recvFresh\":true,\"isFromTemplate\":false,\"mentionedJidList\":[],\"isVcardOverMmsDocument\":false,\"isForwarded\":false,\"labels\":[],\"ephemeralStartTimestamp\":1635533864,\"productHeaderImageRejected\":false,\"isDynamicReplyButtonsMsg\":false,\"isMdHistoryMsg\":false,\"requiresDirectConnection\":false,\"chatId\":\"5517991284042@c.us\",\"fromMe\":true,\"sender\":{\"id\":\"5517999772966@c.us\",\"type\":\"in\",\"formattedName\":\"Voce\",\"isMe\":true,\"isMyContact\":false,\"isPSA\":false,\"isUser\":true,\"isWAContact\":true,\"profilePicThumb\":\"https://web.whatsapp.com/pp?e=https%3A%2F%2Fpps.whatsapp.net%2Fv%2Ft61.24694-24%2F160573960_445560260099055_8085868310252127247_n.jpg%3Fccb%3D11-4%26oh%3D2a4baeb19b4970c0f7e30339945a6cfc%26oe%3D618095D0&t=l&u=5517999772966%40c.us&i=1615923586&n=JWS9H7%2BXQ3Qge2vkxlozgNVVKLEDlvJzF7vY3dKYWQU%3D\",\"msgs\":null},\"timestamp\":1635533863,\"content\":\"*Resposta automatica* \\nOla, no momento estamos todos ocupados!\\n\\nAssim que possivel responderemos a todos o mais rapido possivel!\\n\\nPara maior agilidade ligue 3331-9700 ou envie uma mensagem de whatsapp para o numero 99191-9712.\\n\\nAgradecemos a compreensao!\",\"isGroupMsg\":false,\"isMedia\":false,\"isNotification\":false,\"isPSA\":false,\"chat\":{\"id\":\"5517991284042@c.us\",\"pendingMsgs\":false,\"lastReceivedKey\":{\"fromMe\":true,\"remote\":\"5517991284042@c.us\",\"id\":\"81047B5765B780AAF69B55DF807470EC\",\"_serialized\":\"true_5517991284042@c.us_81047B5765B780AAF69B55DF807470EC\"},\"t\":1635533863,\"unreadCount\":0,\"archive\":false,\"isReadOnly\":false,\"muteExpiration\":0,\"notSpam\":true,\"pin\":0,\"ephemeralDuration\":0,\"ephemeralSettingTimestamp\":0,\"hasUnreadMention\":false,\"archiveAtMentionViewedInDrawer\":false,\"hasChatBeenOpened\":false,\"msgs\":null,\"kind\":\"chat\",\"isGroup\":false,\"formattedTitle\":\"+55 17 99128-4042\",\"contact\":{\"id\":\"5517991284042@c.us\",\"type\":\"in\",\"verifiedName\":\"Marcela Botelho\",\"isBusiness\":true,\"isEnterprise\":false,\"verifiedLevel\":0,\"statusMute\":false,\"labels\":[],\"disappearingModeDuration\":0,\"disappearingModeSettingTimestamp\":0,\"formattedName\":\"+55 17 99128-4042\",\"isMe\":false,\"isMyContact\":false,\"isPSA\":false,\"isUser\":true,\"isWAContact\":true,\"profilePicThumb\":\"https://web.whatsapp.com/pp?e=https%3A%2F%2Fpps.whatsapp.net%2Fv%2Ft61.24694-24%2F205342511_542283826837303_7208940247780318673_n.jpg%3Fccb%3D11-4%26oh%3D46274e3cf34c40de9f598b0917968e44%26oe%3D61805D04&t=l&u=5517991284042%40c.us&i=1633813520&n=s%2FvVG637Y9QrS53fazk6CWr5KNEgVs0%2BxtIYNpXP%2FHA%3D\",\"msgs\":null},\"groupMetadata\":null,\"presence\":{\"id\":\"5517991284042@c.us\",\"chatstates\":[]}},\"quotedMsgObj\":null,\"mediaData\":{}},{\"id\":\"false_5517991284042@c.us_9D8D27A131B0257BBC494B90256D90FF\",\"body\":\"Agradeco sua mensagem. Nao estou disponivel no momento, mas entro em contato assim que possivel.Obrigada!??\",\"type\":\"chat\",\"t\":1635533862,\"notifyName\":\"\",\"from\":\"5517991284042@c.us\",\"to\":\"5517999772966@c.us\",\"self\":\"in\",\"ack\":0,\"invis\":false,\"isNewMsg\":false,\"star\":false,\"recvFresh\":true,\"isFromTemplate\":false,\"broadcast\":false,\"mentionedJidList\":[],\"isVcardOverMmsDocument\":false,\"isForwarded\":false,\"labels\":[],\"ephemeralOutOfSync\":false,\"productHeaderImageRejected\":false,\"isDynamicReplyButtonsMsg\":false,\"isMdHistoryMsg\":false,\"requiresDirectConnection\":false,\"chatId\":\"5517991284042@c.us\",\"fromMe\":false,\"sender\":{\"id\":\"5517991284042@c.us\",\"type\":\"in\",\"verifiedName\":\"Marcela Botelho\",\"isBusiness\":true,\"isEnterprise\":false,\"verifiedLevel\":0,\"statusMute\":false,\"labels\":[],\"disappearingModeDuration\":0,\"disappearingModeSettingTimestamp\":0,\"formattedName\":\"+55 17 99128-4042\",\"isMe\":false,\"isMyContact\":false,\"isPSA\":false,\"isUser\":true,\"isWAContact\":true,\"profilePicThumb\":\"https://web.whatsapp.com/pp?e=https%3A%2F%2Fpps.whatsapp.net%2Fv%2Ft61.24694-24%2F205342511_542283826837303_7208940247780318673_n.jpg%3Fccb%3D11-4%26oh%3D46274e3cf34c40de9f598b0917968e44%26oe%3D61805D04&t=l&u=5517991284042%40c.us&i=1633813520&n=s%2FvVG637Y9QrS53fazk6CWr5KNEgVs0%2BxtIYNpXP%2FHA%3D\",\"msgs\":null},\"timestamp\":1635533862,\"content\":\"Agradeco sua mensagem. Nao estou disponivel no momento, mas entro em contato assim que possivel.Obrigada!??\",\"isGroupMsg\":false,\"isMedia\":false,\"isNotification\":false,\"isPSA\":false,\"chat\":{\"id\":\"5517991284042@c.us\",\"pendingMsgs\":false,\"lastReceivedKey\":{\"fromMe\":true,\"remote\":\"5517991284042@c.us\",\"id\":\"81047B5765B780AAF69B55DF807470EC\",\"_serialized\":\"true_5517991284042@c.us_81047B5765B780AAF69B55DF807470EC\"},\"t\":1635533863,\"unreadCount\":0,\"archive\":false,\"isReadOnly\":false,\"muteExpiration\":0,\"notSpam\":true,\"pin\":0,\"ephemeralDuration\":0,\"ephemeralSettingTimestamp\":0,\"hasUnreadMention\":false,\"archiveAtMentionViewedInDrawer\":false,\"hasChatBeenOpened\":false,\"msgs\":null,\"kind\":\"chat\",\"isGroup\":false,\"formattedTitle\":\"+55 17 99128-4042\",\"contact\":{\"id\":\"5517991284042@c.us\",\"type\":\"in\",\"verifiedName\":\"Marcela Botelho\",\"isBusiness\":true,\"isEnterprise\":false,\"verifiedLevel\":0,\"statusMute\":false,\"labels\":[],\"disappearingModeDuration\":0,\"disappearingModeSettingTimestamp\":0,\"formattedName\":\"+55 17 99128-4042\",\"isMe\":false,\"isMyContact\":false,\"isPSA\":false,\"isUser\":true,\"isWAContact\":true,\"profilePicThumb\":\"https://web.whatsapp.com/pp?e=https%3A%2F%2Fpps.whatsapp.net%2Fv%2Ft61.24694-24%2F205342511_542283826837303_7208940247780318673_n.jpg%3Fccb%3D11-4%26oh%3D46274e3cf34c40de9f598b0917968e44%26oe%3D61805D04&t=l&u=5517991284042%40c.us&i=1633813520&n=s%2FvVG637Y9QrS53fazk6CWr5KNEgVs0%2BxtIYNpXP%2FHA%3D\",\"msgs\":null},\"groupMetadata\":null,\"presence\":{\"id\":\"5517991284042@c.us\",\"chatstates\":[]}},\"quotedMsgObj\":null,\"mediaData\":{}},{\"id\":\"false_5517991284042@c.us_BB988533090D014FE99FF18B085ACA76\",\"body\":\"Ola seja bem-vindo (a) ??\\\"?Marcela Botelho\\\"agradece seu contato. Como podemos ajudar?\",\"type\":\"chat\",\"t\":1635533854,\"notifyName\":\"\",\"from\":\"5517991284042@c.us\",\"to\":\"5517999772966@c.us\",\"self\":\"in\",\"ack\":0,\"invis\":false,\"isNewMsg\":false,\"star\":false,\"recvFresh\":true,\"isFromTemplate\":false,\"broadcast\":false,\"mentionedJidList\":[],\"isVcardOverMmsDocument\":false,\"isForwarded\":false,\"labels\":[],\"ephemeralOutOfSync\":false,\"productHeaderImageRejected\":false,\"isDynamicReplyButtonsMsg\":false,\"isMdHistoryMsg\":false,\"requiresDirectConnection\":false,\"chatId\":\"5517991284042@c.us\",\"fromMe\":false,\"sender\":{\"id\":\"5517991284042@c.us\",\"type\":\"in\",\"verifiedName\":\"Marcela Botelho\",\"isBusiness\":true,\"isEnterprise\":false,\"verifiedLevel\":0,\"statusMute\":false,\"labels\":[],\"disappearingModeDuration\":0,\"disappearingModeSettingTimestamp\":0,\"formattedName\":\"+55 17 99128-4042\",\"isMe\":false,\"isMyContact\":false,\"isPSA\":false,\"isUser\":true,\"isWAContact\":true,\"profilePicThumb\":\"https://web.whatsapp.com/pp?e=https%3A%2F%2Fpps.whatsapp.net%2Fv%2Ft61.24694-24%2F205342511_542283826837303_7208940247780318673_n.jpg%3Fccb%3D11-4%26oh%3D46274e3cf34c40de9f598b0917968e44%26oe%3D61805D04&t=l&u=5517991284042%40c.us&i=1633813520&n=s%2FvVG637Y9QrS53fazk6CWr5KNEgVs0%2BxtIYNpXP%2FHA%3D\",\"msgs\":null},\"timestamp\":1635533854,\"content\":\"Ola seja bem-vindo (a) ??\\\"?Marcela Botelho\\\"agradece seu contato. Como podemos ajudar?\",\"isGroupMsg\":false,\"isMedia\":false,\"isNotification\":false,\"isPSA\":false,\"chat\":{\"id\":\"5517991284042@c.us\",\"pendingMsgs\":false,\"lastReceivedKey\":{\"fromMe\":true,\"remote\":\"5517991284042@c.us\",\"id\":\"81047B5765B780AAF69B55DF807470EC\",\"_serialized\":\"true_5517991284042@c.us_81047B5765B780AAF69B55DF807470EC\"},\"t\":1635533863,\"unreadCount\":0,\"archive\":false,\"isReadOnly\":false,\"muteExpiration\":0,\"notSpam\":true,\"pin\":0,\"ephemeralDuration\":0,\"ephemeralSettingTimestamp\":0,\"hasUnreadMention\":false,\"archiveAtMentionViewedInDrawer\":false,\"hasChatBeenOpened\":false,\"msgs\":null,\"kind\":\"chat\",\"isGroup\":false,\"formattedTitle\":\"+55 17 99128-4042\",\"contact\":{\"id\":\"5517991284042@c.us\",\"type\":\"in\",\"verifiedName\":\"Marcela Botelho\",\"isBusiness\":true,\"isEnterprise\":false,\"verifiedLevel\":0,\"statusMute\":false,\"labels\":[],\"disappearingModeDuration\":0,\"disappearingModeSettingTimestamp\":0,\"formattedName\":\"+55 17 99128-4042\",\"isMe\":false,\"isMyContact\":false,\"isPSA\":false,\"isUser\":true,\"isWAContact\":true,\"profilePicThumb\":\"https://web.whatsapp.com/pp?e=https%3A%2F%2Fpps.whatsapp.net%2Fv%2Ft61.24694-24%2F205342511_542283826837303_7208940247780318673_n.jpg%3Fccb%3D11-4%26oh%3D46274e3cf34c40de9f598b0917968e44%26oe%3D61805D04&t=l&u=5517991284042%40c.us&i=1633813520&n=s%2FvVG637Y9QrS53fazk6CWr5KNEgVs0%2BxtIYNpXP%2FHA%3D\",\"msgs\":null},\"groupMetadata\":null,\"presence\":{\"id\":\"5517991284042@c.us\",\"chatstates\":[]}},\"quotedMsgObj\":null,\"mediaData\":{}}]}]}"}
[29/10/21 15:57:46 - TChatList]  
{
    "result": [
        {
            "id": "5517991284042@c.us",
            "pendingMsgs": false,
            "lastReceivedKey": {
                "fromMe": true,
                "remote": "5517991284042@c.us",
                "id": "81047B5765B780AAF69B55DF807470EC",
                "_serialized": "true_5517991284042@c.us_81047B5765B780AAF69B55DF807470EC"
            },
            "t": 1635533863,
            "unreadCount": 0,
            "archive": false,
            "isReadOnly": false,
            "muteExpiration": 0,
            "notSpam": true,
            "pin": 0,
            "ephemeralDuration": 0,
            "ephemeralSettingTimestamp": 0,
            "hasUnreadMention": false,
            "archiveAtMentionViewedInDrawer": false,
            "hasChatBeenOpened": false,
            "msgs": null,
            "kind": "chat",
            "isGroup": false,
            "formattedTitle": "+55 17 99128-4042",
            "contact": {
                "id": "5517991284042@c.us",
                "type": "in",
                "verifiedName": "Marcela Botelho",
                "isBusiness": true,
                "isEnterprise": false,
                "verifiedLevel": 0,
                "statusMute": false,
                "labels": [
                ],
                "disappearingModeDuration": 0,
                "disappearingModeSettingTimestamp": 0,
                "formattedName": "+55 17 99128-4042",
                "isMe": false,
                "isMyContact": false,
                "isPSA": false,
                "isUser": true,
                "isWAContact": true,
                "profilePicThumb": "https:\/\/web.whatsapp.com\/pp?e=https%3A%2F%2Fpps.whatsapp.net%2Fv%2Ft61.24694-24%2F205342511_542283826837303_7208940247780318673_n.jpg%3Fccb%3D11-4%26oh%3D46274e3cf34c40de9f598b0917968e44%26oe%3D61805D04&t=l&u=5517991284042%40c.us&i=1633813520&n=s%2FvVG637Y9QrS53fazk6CWr5KNEgVs0%2BxtIYNpXP%2FHA%3D",
                "msgs": null
            },
            "groupMetadata": null,
            "presence": {
                "id": "5517991284042@c.us",
                "chatstates": [
                ]
            },
            "messages": [
                {
                    "id": "true_5517991284042@c.us_81047B5765B780AAF69B55DF807470EC",
                    "body": "*Resposta automatica* \nOla, no momento estamos todos ocupados!\n\nAssim que possivel responderemos a todos o mais rapido possivel!\n\nPara maior agilidade ligue 3331-9700 ou envie uma mensagem de whatsapp para o numero 99191-9712.\n\nAgradecemos a compreensao!",
                    "type": "chat",
                    "t": 1635533863,
                    "notifyName": "",
                    "from": "5517999772966@c.us",
                    "to": "5517991284042@c.us",
                    "self": "in",
                    "ack": 1,
                    "invis": false,
                    "isNewMsg": false,
                    "star": false,
                    "recvFresh": true,
                    "isFromTemplate": false,
                    "mentionedJidList": [
                    ],
                    "isVcardOverMmsDocument": false,
                    "isForwarded": false,
                    "labels": [
                    ],
                    "ephemeralStartTimestamp": 1635533864,
                    "productHeaderImageRejected": false,
                    "isDynamicReplyButtonsMsg": false,
                    "isMdHistoryMsg": false,
                    "requiresDirectConnection": false,
                    "chatId": "5517991284042@c.us",
                    "fromMe": true,
                    "sender": {
                        "id": "5517999772966@c.us",
                        "type": "in",
                        "formattedName": "Voce",
                        "isMe": true,
                        "isMyContact": false,
                        "isPSA": false,
                        "isUser": true,
                        "isWAContact": true,
                        "profilePicThumb": "https:\/\/web.whatsapp.com\/pp?e=https%3A%2F%2Fpps.whatsapp.net%2Fv%2Ft61.24694-24%2F160573960_445560260099055_8085868310252127247_n.jpg%3Fccb%3D11-4%26oh%3D2a4baeb19b4970c0f7e30339945a6cfc%26oe%3D618095D0&t=l&u=5517999772966%40c.us&i=1615923586&n=JWS9H7%2BXQ3Qge2vkxlozgNVVKLEDlvJzF7vY3dKYWQU%3D",
                        "msgs": null
                    },
                    "timestamp": 1635533863,
                    "content": "*Resposta automatica* \nOla, no momento estamos todos ocupados!\n\nAssim que possivel responderemos a todos o mais rapido possivel!\n\nPara maior agilidade ligue 3331-9700 ou envie uma mensagem de whatsapp para o numero 99191-9712.\n\nAgradecemos a compreensao!",
                    "isGroupMsg": false,
                    "isMedia": false,
                    "isNotification": false,
                    "isPSA": false,
                    "chat": {
                        "id": "5517991284042@c.us",
                        "pendingMsgs": false,
                        "lastReceivedKey": {
                            "fromMe": true,
                            "remote": "5517991284042@c.us",
                            "id": "81047B5765B780AAF69B55DF807470EC",
                            "_serialized": "true_5517991284042@c.us_81047B5765B780AAF69B55DF807470EC"
                        },
                        "t": 1635533863,
                        "unreadCount": 0,
                        "archive": false,
                        "isReadOnly": false,
                        "muteExpiration": 0,
                        "notSpam": true,
                        "pin": 0,
                        "ephemeralDuration": 0,
                        "ephemeralSettingTimestamp": 0,
                        "hasUnreadMention": false,
                        "archiveAtMentionViewedInDrawer": false,
                        "hasChatBeenOpened": false,
                        "msgs": null,
                        "kind": "chat",
                        "isGroup": false,
                        "formattedTitle": "+55 17 99128-4042",
                        "contact": {
                            "id": "5517991284042@c.us",
                            "type": "in",
                            "verifiedName": "Marcela Botelho",
                            "isBusiness": true,
                            "isEnterprise": false,
                            "verifiedLevel": 0,
                            "statusMute": false,
                            "labels": [
                            ],
                            "disappearingModeDuration": 0,
                            "disappearingModeSettingTimestamp": 0,
                            "formattedName": "+55 17 99128-4042",
                            "isMe": false,
                            "isMyContact": false,
                            "isPSA": false,
                            "isUser": true,
                            "isWAContact": true,
                            "profilePicThumb": "https:\/\/web.whatsapp.com\/pp?e=https%3A%2F%2Fpps.whatsapp.net%2Fv%2Ft61.24694-24%2F205342511_542283826837303_7208940247780318673_n.jpg%3Fccb%3D11-4%26oh%3D46274e3cf34c40de9f598b0917968e44%26oe%3D61805D04&t=l&u=5517991284042%40c.us&i=1633813520&n=s%2FvVG637Y9QrS53fazk6CWr5KNEgVs0%2BxtIYNpXP%2FHA%3D",
                            "msgs": null
                        },
                        "groupMetadata": null,
                        "presence": {
                            "id": "5517991284042@c.us",
                            "chatstates": [
                            ]
                        }
                    },
                    "quotedMsgObj": null,
                    "mediaData": {
                    }
                },
                {
                    "id": "false_5517991284042@c.us_9D8D27A131B0257BBC494B90256D90FF",
                    "body": "Agradeco sua mensagem. Nao estou disponivel no momento, mas entro em contato assim que possivel.Obrigada!??",
                    "type": "chat",
                    "t": 1635533862,
                    "notifyName": "",
                    "from": "5517991284042@c.us",
                    "to": "5517999772966@c.us",
                    "self": "in",
                    "ack": 0,
                    "invis": false,
                    "isNewMsg": false,
                    "star": false,
                    "recvFresh": true,
                    "isFromTemplate": false,
                    "broadcast": false,
                    "mentionedJidList": [
                    ],
                    "isVcardOverMmsDocument": false,
                    "isForwarded": false,
                    "labels": [
                    ],
                    "ephemeralOutOfSync": false,
                    "productHeaderImageRejected": false,
                    "isDynamicReplyButtonsMsg": false,
                    "isMdHistoryMsg": false,
                    "requiresDirectConnection": false,
                    "chatId": "5517991284042@c.us",
                    "fromMe": false,
                    "sender": {
                        "id": "5517991284042@c.us",
                        "type": "in",
                        "verifiedName": "Marcela Botelho",
                        "isBusiness": true,
                        "isEnterprise": false,
                        "verifiedLevel": 0,
                        "statusMute": false,
                        "labels": [
                        ],
                        "disappearingModeDuration": 0,
                        "disappearingModeSettingTimestamp": 0,
                        "formattedName": "+55 17 99128-4042",
                        "isMe": false,
                        "isMyContact": false,
                        "isPSA": false,
                        "isUser": true,
                        "isWAContact": true,
                        "profilePicThumb": "https:\/\/web.whatsapp.com\/pp?e=https%3A%2F%2Fpps.whatsapp.net%2Fv%2Ft61.24694-24%2F205342511_542283826837303_7208940247780318673_n.jpg%3Fccb%3D11-4%26oh%3D46274e3cf34c40de9f598b0917968e44%26oe%3D61805D04&t=l&u=5517991284042%40c.us&i=1633813520&n=s%2FvVG637Y9QrS53fazk6CWr5KNEgVs0%2BxtIYNpXP%2FHA%3D",
                        "msgs": null
                    },
                    "timestamp": 1635533862,
                    "content": "Agradeco sua mensagem. Nao estou disponivel no momento, mas entro em contato assim que possivel.Obrigada!??",
                    "isGroupMsg": false,
                    "isMedia": false,
                    "isNotification": false,
                    "isPSA": false,
                    "chat": {
                        "id": "5517991284042@c.us",
                        "pendingMsgs": false,
                        "lastReceivedKey": {
                            "fromMe": true,
                            "remote": "5517991284042@c.us",
                            "id": "81047B5765B780AAF69B55DF807470EC",
                            "_serialized": "true_5517991284042@c.us_81047B5765B780AAF69B55DF807470EC"
                        },
                        "t": 1635533863,
                        "unreadCount": 0,
                        "archive": false,
                        "isReadOnly": false,
                        "muteExpiration": 0,
                        "notSpam": true,
                        "pin": 0,
                        "ephemeralDuration": 0,
                        "ephemeralSettingTimestamp": 0,
                        "hasUnreadMention": false,
                        "archiveAtMentionViewedInDrawer": false,
                        "hasChatBeenOpened": false,
                        "msgs": null,
                        "kind": "chat",
                        "isGroup": false,
                        "formattedTitle": "+55 17 99128-4042",
                        "contact": {
                            "id": "5517991284042@c.us",
                            "type": "in",
                            "verifiedName": "Marcela Botelho",
                            "isBusiness": true,
                            "isEnterprise": false,
                            "verifiedLevel": 0,
                            "statusMute": false,
                            "labels": [
                            ],
                            "disappearingModeDuration": 0,
                            "disappearingModeSettingTimestamp": 0,
                            "formattedName": "+55 17 99128-4042",
                            "isMe": false,
                            "isMyContact": false,
                            "isPSA": false,
                            "isUser": true,
                            "isWAContact": true,
                            "profilePicThumb": "https:\/\/web.whatsapp.com\/pp?e=https%3A%2F%2Fpps.whatsapp.net%2Fv%2Ft61.24694-24%2F205342511_542283826837303_7208940247780318673_n.jpg%3Fccb%3D11-4%26oh%3D46274e3cf34c40de9f598b0917968e44%26oe%3D61805D04&t=l&u=5517991284042%40c.us&i=1633813520&n=s%2FvVG637Y9QrS53fazk6CWr5KNEgVs0%2BxtIYNpXP%2FHA%3D",
                            "msgs": null
                        },
                        "groupMetadata": null,
                        "presence": {
                            "id": "5517991284042@c.us",
                            "chatstates": [
                            ]
                        }
                    },
                    "quotedMsgObj": null,
                    "mediaData": {
                    }
                },
                {
                    "id": "false_5517991284042@c.us_BB988533090D014FE99FF18B085ACA76",
                    "body": "Ola seja bem-vindo (a) ??\"?Marcela Botelho\"agradece seu contato. Como podemos ajudar?",
                    "type": "chat",
                    "t": 1635533854,
                    "notifyName": "",
                    "from": "5517991284042@c.us",
                    "to": "5517999772966@c.us",
                    "self": "in",
                    "ack": 0,
                    "invis": false,
                    "isNewMsg": false,
                    "star": false,
                    "recvFresh": true,
                    "isFromTemplate": false,
                    "broadcast": false,
                    "mentionedJidList": [
                    ],
                    "isVcardOverMmsDocument": false,
                    "isForwarded": false,
                    "labels": [
                    ],
                    "ephemeralOutOfSync": false,
                    "productHeaderImageRejected": false,
                    "isDynamicReplyButtonsMsg": false,
                    "isMdHistoryMsg": false,
                    "requiresDirectConnection": false,
                    "chatId": "5517991284042@c.us",
                    "fromMe": false,
                    "sender": {
                        "id": "5517991284042@c.us",
                        "type": "in",
                        "verifiedName": "Marcela Botelho",
                        "isBusiness": true,
                        "isEnterprise": false,
                        "verifiedLevel": 0,
                        "statusMute": false,
                        "labels": [
                        ],
                        "disappearingModeDuration": 0,
                        "disappearingModeSettingTimestamp": 0,
                        "formattedName": "+55 17 99128-4042",
                        "isMe": false,
                        "isMyContact": false,
                        "isPSA": false,
                        "isUser": true,
                        "isWAContact": true,
                        "profilePicThumb": "https:\/\/web.whatsapp.com\/pp?e=https%3A%2F%2Fpps.whatsapp.net%2Fv%2Ft61.24694-24%2F205342511_542283826837303_7208940247780318673_n.jpg%3Fccb%3D11-4%26oh%3D46274e3cf34c40de9f598b0917968e44%26oe%3D61805D04&t=l&u=5517991284042%40c.us&i=1633813520&n=s%2FvVG637Y9QrS53fazk6CWr5KNEgVs0%2BxtIYNpXP%2FHA%3D",
                        "msgs": null
                    },
                    "timestamp": 1635533854,
                    "content": "Ola seja bem-vindo (a) ??\"?Marcela Botelho\"agradece seu contato. Como podemos ajudar?",
                    "isGroupMsg": false,
                    "isMedia": false,
                    "isNotification": false,
                    "isPSA": false,
                    "chat": {
                        "id": "5517991284042@c.us",
                        "pendingMsgs": false,
                        "lastReceivedKey": {
                            "fromMe": true,
                            "remote": "5517991284042@c.us",
                            "id": "81047B5765B780AAF69B55DF807470EC",
                            "_serialized": "true_5517991284042@c.us_81047B5765B780AAF69B55DF807470EC"
                        },
                        "t": 1635533863,
                        "unreadCount": 0,
                        "archive": false,
                        "isReadOnly": false,
                        "muteExpiration": 0,
                        "notSpam": true,
                        "pin": 0,
                        "ephemeralDuration": 0,
                        "ephemeralSettingTimestamp": 0,
                        "hasUnreadMention": false,
                        "archiveAtMentionViewedInDrawer": false,
                        "hasChatBeenOpened": false,
                        "msgs": null,
                        "kind": "chat",
                        "isGroup": false,
                        "formattedTitle": "+55 17 99128-4042",
                        "contact": {
                            "id": "5517991284042@c.us",
                            "type": "in",
                            "verifiedName": "Marcela Botelho",
                            "isBusiness": true,
                            "isEnterprise": false,
                            "verifiedLevel": 0,
                            "statusMute": false,
                            "labels": [
                            ],
                            "disappearingModeDuration": 0,
                            "disappearingModeSettingTimestamp": 0,
                            "formattedName": "+55 17 99128-4042",
                            "isMe": false,
                            "isMyContact": false,
                            "isPSA": false,
                            "isUser": true,
                            "isWAContact": true,
                            "profilePicThumb": "https:\/\/web.whatsapp.com\/pp?e=https%3A%2F%2Fpps.whatsapp.net%2Fv%2Ft61.24694-24%2F205342511_542283826837303_7208940247780318673_n.jpg%3Fccb%3D11-4%26oh%3D46274e3cf34c40de9f598b0917968e44%26oe%3D61805D04&t=l&u=5517991284042%40c.us&i=1633813520&n=s%2FvVG637Y9QrS53fazk6CWr5KNEgVs0%2BxtIYNpXP%2FHA%3D",
                            "msgs": null
                        },
                        "groupMetadata": null,
                        "presence": {
                            "id": "5517991284042@c.us",
                            "chatstates": [
                            ]
                        }
                    },
                    "quotedMsgObj": null,
                    "mediaData": {
                    }
                }
            ]
        }
    ]
}