
[01/12/21 11:27:06]  Versao TInject: 3.3.0.0
[01/12/21 11:27:06]  Versao  JS.ABR: 1.0.7.0
[01/12/21 11:27:06]  Versao     CEF: 78.3.0
[01/12/21 11:27:06]   
[01/12/21 11:27:07]  Versao TInject: 3.3.0.0
[01/12/21 11:27:07]  Versao  JS.ABR: 1.0.7.0
[01/12/21 11:27:07]  Versao     CEF: 78.3.0
[01/12/21 11:27:07]   
[01/12/21 11:27:08 - CONSOLE IGNORADO]  
Uncaught TypeError: Cannot read property 'toDataURL' of undefined
[01/12/21 11:27:09 - CONSOLE IGNORADO]  
The Content Security Policy directive 'upgrade-insecure-requests' is ignored when delivered in a report-only policy.
[01/12/21 11:27:09 - CONSOLE IGNORADO]  
<link rel=preload> has an invalid `href` value
[01/12/21 11:27:09 - CONSOLE IGNORADO]  
[Report Only] Refused to compile or instantiate WebAssembly module because 'wasm-eval' is not an allowed source of script in the following Content Security Policy directive: "script-src https: data: wss: blob: chrome-extension: 'unsafe-inline' 'unsafe-eval' 'self' https://ajax.googleapis.com https://api.search.live.net https://maps.googleapis.com https://www.youtube.com https://s.ytimg.com".

[01/12/21 11:27:11 - CONSOLE IGNORADO]  
The Content Security Policy directive 'upgrade-insecure-requests' is ignored when delivered in a report-only policy.
[01/12/21 11:28:29 - CONSOLE IGNORADO]  
WebSocket connection to 'wss://web.whatsapp.com/ws' failed: WebSocket is closed before the connection is established.
[01/12/21 11:28:29 - CONSOLE IGNORADO]  
WebSocket connection to 'wss://web.whatsapp.com/ws' failed: WebSocket is closed before the connection is established.
[01/12/21 11:28:29 - CONSOLE IGNORADO]  
WebSocket connection to 'wss://web.whatsapp.com/ws' failed: WebSocket is closed before the connection is established.
[01/12/21 11:28:31 - CONSOLE IGNORADO]  
The Content Security Policy directive 'upgrade-insecure-requests' is ignored when delivered in a report-only policy.
[01/12/21 11:28:31 - CONSOLE IGNORADO]  
<link rel=preload> has an invalid `href` value
[01/12/21 11:28:31 - CONSOLE IGNORADO]  
[Report Only] Refused to compile or instantiate WebAssembly module because 'wasm-eval' is not an allowed source of script in the following Content Security Policy directive: "script-src https: data: wss: blob: chrome-extension: 'unsafe-inline' 'unsafe-eval' 'self' https://ajax.googleapis.com https://api.search.live.net https://maps.googleapis.com https://www.youtube.com https://s.ytimg.com".

[01/12/21 11:28:32 - CONSOLE IGNORADO]  
Uncaught TypeError: Cannot read property 'modelClass' of undefined
[01/12/21 11:28:32 - CONSOLE IGNORADO]  
Uncaught ReferenceError: WAPI is not defined

[01/12/21 11:28:32 - CONSOLE]  
{"name":"getMyNumber","result":"{\"result\":null}"}
[01/12/21 11:28:32 - TResponseMyNumber]  
{
    "result": null
}
[01/12/21 11:28:36 - CONSOLE IGNORADO]  
The Content Security Policy directive 'upgrade-insecure-requests' is ignored when delivered in a report-only policy.
[01/12/21 11:28:38 - CONSOLE IGNORADO]  
Uncaught ReferenceError: WAPI is not defined
[01/12/21 11:28:47 - CONSOLE IGNORADO]  
Uncaught ReferenceError: WAPI is not defined
[01/12/21 11:28:57 - CONSOLE IGNORADO]  
Uncaught ReferenceError: WAPI is not defined
[01/12/21 11:29:07 - CONSOLE IGNORADO]  
Uncaught ReferenceError: WAPI is not defined
[01/12/21 11:29:17 - CONSOLE IGNORADO]  
Uncaught ReferenceError: WAPI is not defined
[01/12/21 11:29:27 - CONSOLE IGNORADO]  
Uncaught ReferenceError: WAPI is not defined
[01/12/21 11:29:37 - CONSOLE IGNORADO]  
Uncaught ReferenceError: WAPI is not defined
[01/12/21 11:29:47 - CONSOLE IGNORADO]  
Uncaught ReferenceError: WAPI is not defined
[01/12/21 11:29:57 - CONSOLE IGNORADO]  
Uncaught ReferenceError: WAPI is not defined
[01/12/21 11:30:07 - CONSOLE IGNORADO]  
Uncaught ReferenceError: WAPI is not defined
[01/12/21 11:30:17 - CONSOLE IGNORADO]  
Uncaught ReferenceError: WAPI is not defined
[01/12/21 11:30:27 - CONSOLE IGNORADO]  
Uncaught ReferenceError: WAPI is not defined
[01/12/21 11:30:37 - CONSOLE IGNORADO]  
Uncaught ReferenceError: WAPI is not defined
[01/12/21 11:30:47 - CONSOLE IGNORADO]  
Uncaught ReferenceError: WAPI is not defined
[01/12/21 11:30:57 - CONSOLE IGNORADO]  
Uncaught ReferenceError: WAPI is not defined
[01/12/21 11:31:07 - CONSOLE IGNORADO]  
Uncaught ReferenceError: WAPI is not defined
[01/12/21 11:31:17 - CONSOLE IGNORADO]  
Uncaught ReferenceError: WAPI is not defined
[01/12/21 11:31:27 - CONSOLE IGNORADO]  
Uncaught ReferenceError: WAPI is not defined
[01/12/21 11:31:37 - CONSOLE IGNORADO]  
Uncaught ReferenceError: WAPI is not defined
[01/12/21 11:31:47 - CONSOLE IGNORADO]  
Uncaught ReferenceError: WAPI is not defined
[01/12/21 11:31:57 - CONSOLE IGNORADO]  
Uncaught ReferenceError: WAPI is not defined
[01/12/21 11:32:07 - CONSOLE IGNORADO]  
Uncaught ReferenceError: WAPI is not defined
[01/12/21 11:32:17 - CONSOLE IGNORADO]  
Uncaught ReferenceError: WAPI is not defined
[01/12/21 11:32:27 - CONSOLE IGNORADO]  
Uncaught ReferenceError: WAPI is not defined
[01/12/21 11:32:37 - CONSOLE IGNORADO]  
Uncaught ReferenceError: WAPI is not defined
[01/12/21 11:32:47 - CONSOLE IGNORADO]  
Uncaught ReferenceError: WAPI is not defined
[01/12/21 11:32:57 - CONSOLE IGNORADO]  
Uncaught ReferenceError: WAPI is not defined
[01/12/21 11:33:07 - CONSOLE IGNORADO]  
Uncaught ReferenceError: WAPI is not defined
[01/12/21 11:33:17 - CONSOLE IGNORADO]  
Uncaught ReferenceError: WAPI is not defined
[01/12/21 11:33:27 - CONSOLE IGNORADO]  
Uncaught ReferenceError: WAPI is not defined
[01/12/21 11:33:37 - CONSOLE IGNORADO]  
Uncaught ReferenceError: WAPI is not defined
[01/12/21 11:33:47 - CONSOLE IGNORADO]  
Uncaught ReferenceError: WAPI is not defined
[01/12/21 11:33:57 - CONSOLE IGNORADO]  
Uncaught ReferenceError: WAPI is not defined
[01/12/21 11:34:07 - CONSOLE IGNORADO]  
Uncaught ReferenceError: WAPI is not defined
[01/12/21 11:34:17 - CONSOLE IGNORADO]  
Uncaught ReferenceError: WAPI is not defined
[01/12/21 11:34:27 - CONSOLE IGNORADO]  
Uncaught ReferenceError: WAPI is not defined
[01/12/21 11:34:37 - CONSOLE IGNORADO]  
Uncaught ReferenceError: WAPI is not defined
[01/12/21 11:34:47 - CONSOLE IGNORADO]  
Uncaught ReferenceError: WAPI is not defined
[01/12/21 11:34:58 - CONSOLE IGNORADO]  
Uncaught ReferenceError: WAPI is not defined
[01/12/21 11:35:07 - CONSOLE IGNORADO]  
Uncaught ReferenceError: WAPI is not defined
[01/12/21 11:35:17 - CONSOLE IGNORADO]  
Uncaught ReferenceError: WAPI is not defined
[01/12/21 11:35:28 - CONSOLE IGNORADO]  
Uncaught ReferenceError: WAPI is not defined
[01/12/21 11:35:37 - CONSOLE IGNORADO]  
Uncaught ReferenceError: WAPI is not defined
[01/12/21 11:35:48 - CONSOLE IGNORADO]  
Uncaught ReferenceError: WAPI is not defined
[01/12/21 11:35:58 - CONSOLE IGNORADO]  
Uncaught ReferenceError: WAPI is not defined
[01/12/21 11:36:08 - CONSOLE IGNORADO]  
Uncaught ReferenceError: WAPI is not defined
[01/12/21 11:36:18 - CONSOLE IGNORADO]  
Uncaught ReferenceError: WAPI is not defined
[01/12/21 11:36:28 - CONSOLE IGNORADO]  
Uncaught ReferenceError: WAPI is not defined
[01/12/21 11:36:38 - CONSOLE IGNORADO]  
Uncaught ReferenceError: WAPI is not defined
[01/12/21 11:36:48 - CONSOLE IGNORADO]  
Uncaught ReferenceError: WAPI is not defined
[01/12/21 11:36:58 - CONSOLE IGNORADO]  
Uncaught ReferenceError: WAPI is not defined
[01/12/21 11:37:08 - CONSOLE IGNORADO]  
Uncaught ReferenceError: WAPI is not defined
[01/12/21 11:37:18 - CONSOLE IGNORADO]  
Uncaught ReferenceError: WAPI is not defined
[01/12/21 11:37:28 - CONSOLE IGNORADO]  
Uncaught ReferenceError: WAPI is not defined
[01/12/21 11:37:38 - CONSOLE IGNORADO]  
Uncaught ReferenceError: WAPI is not defined
[01/12/21 11:37:48 - CONSOLE IGNORADO]  
Uncaught ReferenceError: WAPI is not defined
[01/12/21 11:37:58 - CONSOLE IGNORADO]  
Uncaught ReferenceError: WAPI is not defined
[01/12/21 11:38:08 - CONSOLE IGNORADO]  
Uncaught ReferenceError: WAPI is not defined
[01/12/21 11:38:18 - CONSOLE IGNORADO]  
Uncaught ReferenceError: WAPI is not defined
[01/12/21 11:38:28 - CONSOLE IGNORADO]  
Uncaught ReferenceError: WAPI is not defined
[01/12/21 11:38:38 - CONSOLE IGNORADO]  
Uncaught ReferenceError: WAPI is not defined
[01/12/21 11:38:48 - CONSOLE IGNORADO]  
Uncaught ReferenceError: WAPI is not defined
[01/12/21 11:38:58 - CONSOLE IGNORADO]  
Uncaught ReferenceError: WAPI is not defined
[01/12/21 11:39:08 - CONSOLE IGNORADO]  
Uncaught ReferenceError: WAPI is not defined
[01/12/21 11:39:18 - CONSOLE IGNORADO]  
Uncaught ReferenceError: WAPI is not defined
[01/12/21 11:39:28 - CONSOLE IGNORADO]  
Uncaught ReferenceError: WAPI is not defined
[01/12/21 11:39:38 - CONSOLE IGNORADO]  
Uncaught ReferenceError: WAPI is not defined
[01/12/21 11:39:48 - CONSOLE IGNORADO]  
Uncaught ReferenceError: WAPI is not defined
[01/12/21 11:39:58 - CONSOLE IGNORADO]  
Uncaught ReferenceError: WAPI is not defined
[01/12/21 11:40:08 - CONSOLE IGNORADO]  
Uncaught ReferenceError: WAPI is not defined
[01/12/21 11:40:18 - CONSOLE IGNORADO]  
Uncaught ReferenceError: WAPI is not defined
[01/12/21 11:40:28 - CONSOLE IGNORADO]  
Uncaught ReferenceError: WAPI is not defined
[01/12/21 11:40:38 - CONSOLE IGNORADO]  
Uncaught ReferenceError: WAPI is not defined
[01/12/21 11:40:48 - CONSOLE IGNORADO]  
Uncaught ReferenceError: WAPI is not defined
[01/12/21 11:40:58 - CONSOLE IGNORADO]  
Uncaught ReferenceError: WAPI is not defined
[01/12/21 11:41:08 - CONSOLE IGNORADO]  
Uncaught ReferenceError: WAPI is not defined
[01/12/21 11:41:18 - CONSOLE IGNORADO]  
Uncaught ReferenceError: WAPI is not defined
[01/12/21 11:41:28 - CONSOLE IGNORADO]  
Uncaught ReferenceError: WAPI is not defined
[01/12/21 11:41:38 - CONSOLE IGNORADO]  
Uncaught ReferenceError: WAPI is not defined
[01/12/21 11:41:48 - CONSOLE IGNORADO]  
Uncaught ReferenceError: WAPI is not defined
[01/12/21 11:41:58 - CONSOLE IGNORADO]  
Uncaught ReferenceError: WAPI is not defined
[01/12/21 11:42:08 - CONSOLE IGNORADO]  
Uncaught ReferenceError: WAPI is not defined
[01/12/21 11:42:18 - CONSOLE IGNORADO]  
Uncaught ReferenceError: WAPI is not defined
[01/12/21 11:42:28 - CONSOLE IGNORADO]  
Uncaught ReferenceError: WAPI is not defined
[01/12/21 11:42:38 - CONSOLE IGNORADO]  
Uncaught ReferenceError: WAPI is not defined
[01/12/21 11:42:48 - CONSOLE IGNORADO]  
Uncaught ReferenceError: WAPI is not defined
[01/12/21 11:42:58 - CONSOLE IGNORADO]  
Uncaught ReferenceError: WAPI is not defined
[01/12/21 11:43:08 - CONSOLE IGNORADO]  
Uncaught ReferenceError: WAPI is not defined
[01/12/21 11:43:18 - CONSOLE IGNORADO]  
Uncaught ReferenceError: WAPI is not defined
[01/12/21 11:43:28 - CONSOLE IGNORADO]  
Uncaught ReferenceError: WAPI is not defined
[01/12/21 11:43:38 - CONSOLE IGNORADO]  
Uncaught ReferenceError: WAPI is not defined
[01/12/21 11:43:48 - CONSOLE IGNORADO]  
Uncaught ReferenceError: WAPI is not defined
[01/12/21 11:43:58 - CONSOLE IGNORADO]  
Uncaught ReferenceError: WAPI is not defined
[01/12/21 11:44:08 - CONSOLE IGNORADO]  
Uncaught ReferenceError: WAPI is not defined
[01/12/21 11:44:18 - CONSOLE IGNORADO]  
Uncaught ReferenceError: WAPI is not defined
[01/12/21 11:44:29 - CONSOLE IGNORADO]  
Uncaught ReferenceError: WAPI is not defined
[01/12/21 11:44:38 - CONSOLE IGNORADO]  
Uncaught ReferenceError: WAPI is not defined
[01/12/21 11:44:48 - CONSOLE IGNORADO]  
Uncaught ReferenceError: WAPI is not defined
[01/12/21 11:44:58 - CONSOLE IGNORADO]  
Uncaught ReferenceError: WAPI is not defined
[01/12/21 11:45:08 - CONSOLE IGNORADO]  
Uncaught ReferenceError: WAPI is not defined
[01/12/21 11:45:18 - CONSOLE IGNORADO]  
Uncaught ReferenceError: WAPI is not defined
[01/12/21 11:45:28 - CONSOLE IGNORADO]  
Uncaught ReferenceError: WAPI is not defined
[01/12/21 11:45:38 - CONSOLE IGNORADO]  
Uncaught ReferenceError: WAPI is not defined
[01/12/21 11:45:48 - CONSOLE IGNORADO]  
Uncaught ReferenceError: WAPI is not defined
[01/12/21 11:45:59 - CONSOLE IGNORADO]  
Uncaught ReferenceError: WAPI is not defined
[01/12/21 11:46:08 - CONSOLE IGNORADO]  
Uncaught ReferenceError: WAPI is not defined
[01/12/21 11:46:18 - CONSOLE IGNORADO]  
Uncaught ReferenceError: WAPI is not defined
[01/12/21 11:46:28 - CONSOLE IGNORADO]  
Uncaught ReferenceError: WAPI is not defined
[01/12/21 11:46:38 - CONSOLE IGNORADO]  
Uncaught ReferenceError: WAPI is not defined
[01/12/21 11:46:48 - CONSOLE IGNORADO]  
Uncaught ReferenceError: WAPI is not defined
[01/12/21 11:46:58 - CONSOLE IGNORADO]  
Uncaught ReferenceError: WAPI is not defined
[01/12/21 11:47:08 - CONSOLE IGNORADO]  
Uncaught ReferenceError: WAPI is not defined
[01/12/21 11:47:18 - CONSOLE IGNORADO]  
Uncaught ReferenceError: WAPI is not defined
[01/12/21 11:47:28 - CONSOLE IGNORADO]  
Uncaught ReferenceError: WAPI is not defined
[01/12/21 11:47:38 - CONSOLE IGNORADO]  
Uncaught ReferenceError: WAPI is not defined
[01/12/21 11:47:49 - CONSOLE IGNORADO]  
Uncaught ReferenceError: WAPI is not defined
[01/12/21 11:47:58 - CONSOLE IGNORADO]  
Uncaught ReferenceError: WAPI is not defined
[01/12/21 11:48:08 - CONSOLE IGNORADO]  
Uncaught ReferenceError: WAPI is not defined
[01/12/21 11:48:18 - CONSOLE IGNORADO]  
Uncaught ReferenceError: WAPI is not defined
[01/12/21 11:48:28 - CONSOLE IGNORADO]  
Uncaught ReferenceError: WAPI is not defined
[01/12/21 11:48:38 - CONSOLE IGNORADO]  
Uncaught ReferenceError: WAPI is not defined
[01/12/21 11:48:48 - CONSOLE IGNORADO]  
Uncaught ReferenceError: WAPI is not defined
[01/12/21 11:48:58 - CONSOLE IGNORADO]  
Uncaught ReferenceError: WAPI is not defined
[01/12/21 11:49:08 - CONSOLE IGNORADO]  
Uncaught ReferenceError: WAPI is not defined
[01/12/21 11:49:18 - CONSOLE IGNORADO]  
Uncaught ReferenceError: WAPI is not defined
[01/12/21 11:49:28 - CONSOLE IGNORADO]  
Uncaught ReferenceError: WAPI is not defined
[01/12/21 11:49:38 - CONSOLE IGNORADO]  
Uncaught ReferenceError: WAPI is not defined
[01/12/21 11:49:48 - CONSOLE IGNORADO]  
Uncaught ReferenceError: WAPI is not defined
[01/12/21 11:49:58 - CONSOLE IGNORADO]  
Uncaught ReferenceError: WAPI is not defined
[01/12/21 11:50:08 - CONSOLE IGNORADO]  
Uncaught ReferenceError: WAPI is not defined
[01/12/21 11:50:18 - CONSOLE IGNORADO]  
Uncaught ReferenceError: WAPI is not defined
[01/12/21 11:50:28 - CONSOLE IGNORADO]  
Uncaught ReferenceError: WAPI is not defined
[01/12/21 11:50:38 - CONSOLE IGNORADO]  
Uncaught ReferenceError: WAPI is not defined
[01/12/21 11:50:48 - CONSOLE IGNORADO]  
Uncaught ReferenceError: WAPI is not defined
[01/12/21 11:50:58 - CONSOLE IGNORADO]  
Uncaught ReferenceError: WAPI is not defined
[01/12/21 11:51:08 - CONSOLE IGNORADO]  
Uncaught ReferenceError: WAPI is not defined
[01/12/21 11:51:18 - CONSOLE IGNORADO]  
Uncaught ReferenceError: WAPI is not defined
[01/12/21 11:51:28 - CONSOLE IGNORADO]  
Uncaught ReferenceError: WAPI is not defined
[01/12/21 11:51:38 - CONSOLE IGNORADO]  
Uncaught ReferenceError: WAPI is not defined
[01/12/21 11:51:48 - CONSOLE IGNORADO]  
Uncaught ReferenceError: WAPI is not defined
[01/12/21 11:51:58 - CONSOLE IGNORADO]  
Uncaught ReferenceError: WAPI is not defined
[01/12/21 11:52:08 - CONSOLE IGNORADO]  
Uncaught ReferenceError: WAPI is not defined
[01/12/21 11:52:18 - CONSOLE IGNORADO]  
Uncaught ReferenceError: WAPI is not defined
[01/12/21 11:52:28 - CONSOLE IGNORADO]  
Uncaught ReferenceError: WAPI is not defined
[01/12/21 11:52:38 - CONSOLE IGNORADO]  
Uncaught ReferenceError: WAPI is not defined
[01/12/21 11:52:48 - CONSOLE IGNORADO]  
Uncaught ReferenceError: WAPI is not defined
[01/12/21 11:52:58 - CONSOLE IGNORADO]  
Uncaught ReferenceError: WAPI is not defined
[01/12/21 11:53:08 - CONSOLE IGNORADO]  
Uncaught ReferenceError: WAPI is not defined
[01/12/21 11:53:18 - CONSOLE IGNORADO]  
Uncaught ReferenceError: WAPI is not defined
[01/12/21 11:53:28 - CONSOLE IGNORADO]  
Uncaught ReferenceError: WAPI is not defined
[01/12/21 11:53:38 - CONSOLE IGNORADO]  
Uncaught ReferenceError: WAPI is not defined
[01/12/21 11:53:48 - CONSOLE IGNORADO]  
Uncaught ReferenceError: WAPI is not defined
[01/12/21 11:53:58 - CONSOLE IGNORADO]  
Uncaught ReferenceError: WAPI is not defined
[01/12/21 11:54:08 - CONSOLE IGNORADO]  
Uncaught ReferenceError: WAPI is not defined
[01/12/21 11:54:18 - CONSOLE IGNORADO]  
Uncaught ReferenceError: WAPI is not defined
[01/12/21 11:54:28 - CONSOLE IGNORADO]  
Uncaught ReferenceError: WAPI is not defined
[01/12/21 11:54:38 - CONSOLE IGNORADO]  
Uncaught ReferenceError: WAPI is not defined
[01/12/21 11:54:48 - CONSOLE IGNORADO]  
Uncaught ReferenceError: WAPI is not defined
[01/12/21 11:54:58 - CONSOLE IGNORADO]  
Uncaught ReferenceError: WAPI is not defined
[01/12/21 11:55:08 - CONSOLE IGNORADO]  
Uncaught ReferenceError: WAPI is not defined
[01/12/21 11:55:18 - CONSOLE IGNORADO]  
Uncaught ReferenceError: WAPI is not defined
[01/12/21 11:55:28 - CONSOLE IGNORADO]  
Uncaught ReferenceError: WAPI is not defined
[01/12/21 11:55:38 - CONSOLE IGNORADO]  
Uncaught ReferenceError: WAPI is not defined
[01/12/21 11:55:48 - CONSOLE IGNORADO]  
Uncaught ReferenceError: WAPI is not defined
[01/12/21 11:55:58 - CONSOLE IGNORADO]  
Uncaught ReferenceError: WAPI is not defined
[01/12/21 11:56:08 - CONSOLE IGNORADO]  
Uncaught ReferenceError: WAPI is not defined
[01/12/21 11:56:18 - CONSOLE IGNORADO]  
Uncaught ReferenceError: WAPI is not defined
[01/12/21 11:56:28 - CONSOLE IGNORADO]  
Uncaught ReferenceError: WAPI is not defined
[01/12/21 11:56:38 - CONSOLE IGNORADO]  
Uncaught ReferenceError: WAPI is not defined
[01/12/21 11:56:48 - CONSOLE IGNORADO]  
Uncaught ReferenceError: WAPI is not defined
[01/12/21 11:56:58 - CONSOLE IGNORADO]  
Uncaught ReferenceError: WAPI is not defined
[01/12/21 11:57:08 - CONSOLE IGNORADO]  
Uncaught ReferenceError: WAPI is not defined
[01/12/21 11:57:18 - CONSOLE IGNORADO]  
Uncaught ReferenceError: WAPI is not defined
[01/12/21 11:57:28 - CONSOLE IGNORADO]  
Uncaught ReferenceError: WAPI is not defined
[01/12/21 11:57:38 - CONSOLE IGNORADO]  
Uncaught ReferenceError: WAPI is not defined
[01/12/21 11:57:48 - CONSOLE IGNORADO]  
Uncaught ReferenceError: WAPI is not defined
[01/12/21 11:57:58 - CONSOLE IGNORADO]  
Uncaught ReferenceError: WAPI is not defined
[01/12/21 11:58:08 - CONSOLE IGNORADO]  
Uncaught ReferenceError: WAPI is not defined
[01/12/21 11:58:18 - CONSOLE IGNORADO]  
Uncaught ReferenceError: WAPI is not defined
[01/12/21 11:58:28 - CONSOLE IGNORADO]  
Uncaught ReferenceError: WAPI is not defined
[01/12/21 11:58:38 - CONSOLE IGNORADO]  
Uncaught ReferenceError: WAPI is not defined
[01/12/21 11:58:48 - CONSOLE IGNORADO]  
Uncaught ReferenceError: WAPI is not defined
[01/12/21 11:58:58 - CONSOLE IGNORADO]  
Uncaught ReferenceError: WAPI is not defined
[01/12/21 11:59:08 - CONSOLE IGNORADO]  
Uncaught ReferenceError: WAPI is not defined
[01/12/21 11:59:18 - CONSOLE IGNORADO]  
Uncaught ReferenceError: WAPI is not defined
[01/12/21 11:59:28 - CONSOLE IGNORADO]  
Uncaught ReferenceError: WAPI is not defined
[01/12/21 11:59:38 - CONSOLE IGNORADO]  
Uncaught ReferenceError: WAPI is not defined
[01/12/21 11:59:48 - CONSOLE IGNORADO]  
Uncaught ReferenceError: WAPI is not defined
[01/12/21 11:59:58 - CONSOLE IGNORADO]  
Uncaught ReferenceError: WAPI is not defined