
[29/09/21 15:42:36]  Versao TInject: 3.3.0.0
[29/09/21 15:42:36]  Versao  JS.ABR: 1.0.6.0
[29/09/21 15:42:36]  Versao     CEF: 78.3.0
[29/09/21 15:42:36]   
[29/09/21 15:42:42]  Versao TInject: 3.3.0.0
[29/09/21 15:42:42]  Versao  JS.ABR: 1.0.6.0
[29/09/21 15:42:42]  Versao     CEF: 78.3.0
[29/09/21 15:42:42]   
[29/09/21 15:42:43 - CONSOLE IGNORADO]  
Uncaught TypeError: Cannot read property 'toDataURL' of undefined
[29/09/21 15:46:36 - CONSOLE IGNORADO]  
Uncaught ReferenceError: Store is not defined
[29/09/21 15:46:36 - CONSOLE IGNORADO]  
Uncaught TypeError: Cannot read property 'sendSeen' of undefined
[29/09/21 15:46:37 - CONSOLE IGNORADO]  
Uncaught ReferenceError: Store is not defined
[29/09/21 15:46:37 - CONSOLE IGNORADO]  
Uncaught TypeError: Cannot read property 'sendSeen' of undefined
[29/09/21 15:58:19 - CONSOLE IGNORADO]  
Uncaught TypeError: Cannot read property 'toDataURL' of undefined
[29/09/21 15:58:23 - CONSOLE IGNORADO]  
Uncaught TypeError: Cannot read property 'toDataURL' of undefined